<?xml version="1.0" encoding="UTF-8"?>
<testsuite name="tests.WebQuizEngineTest" tests="1" skipped="0" failures="0" errors="0" timestamp="2021-03-10T17:39:23" hostname="Williams-MacBook-Pro-184.local" time="5.505">
  <properties/>
  <testcase name="start" classname="tests.WebQuizEngineTest" time="5.505"/>
  <system-out><![CDATA[?[1;31m
Start test 1?[0m

  .   ____          _            __ _ _
 /\\ / ___'_ __ _ _(_)_ __  __ _ \ \ \ \
( ( )\___ | '_ | '_| | '_ \/ _` | \ \ \ \
 \\/  ___)| |_)| | | | | || (_| |  ) ) ) )
  '  |____| .__|_| |_|_| |_\__, | / / / /
 =========|_|==============|___/=/_/_/_/
 :: Spring Boot ::        (v2.2.2.RELEASE)

2021-03-10 11:39:24.096  INFO 17446 --- [    Test worker] engine.WebQuizEngine                     : Starting WebQuizEngine on Williams-MacBook-Pro-184.local with PID 17446 (started by Polvyer in /Users/Polvyer/IdeaProjects/Web Quiz Engine/Web Quiz Engine/task)
2021-03-10 11:39:24.102  INFO 17446 --- [    Test worker] engine.WebQuizEngine                     : No active profile set, falling back to default profiles: default
2021-03-10 11:39:26.306  INFO 17446 --- [    Test worker] o.s.b.w.embedded.tomcat.TomcatWebServer  : Tomcat initialized with port(s): 8889 (http)
2021-03-10 11:39:26.326  INFO 17446 --- [    Test worker] o.apache.catalina.core.StandardService   : Starting service [Tomcat]
2021-03-10 11:39:26.326  INFO 17446 --- [    Test worker] org.apache.catalina.core.StandardEngine  : Starting Servlet engine: [Apache Tomcat/9.0.29]
2021-03-10 11:39:26.491  INFO 17446 --- [    Test worker] o.a.c.c.C.[Tomcat].[localhost].[/]       : Initializing Spring embedded WebApplicationContext
2021-03-10 11:39:26.492  INFO 17446 --- [    Test worker] o.s.web.context.ContextLoader            : Root WebApplicationContext: initialization completed in 2266 ms
2021-03-10 11:39:27.084  INFO 17446 --- [    Test worker] o.s.s.concurrent.ThreadPoolTaskExecutor  : Initializing ExecutorService 'applicationTaskExecutor'
2021-03-10 11:39:27.471  INFO 17446 --- [    Test worker] o.s.b.a.e.web.EndpointLinksResolver      : Exposing 14 endpoint(s) beneath base path '/actuator'
2021-03-10 11:39:27.561  INFO 17446 --- [    Test worker] o.s.b.w.embedded.tomcat.TomcatWebServer  : Tomcat started on port(s): 8889 (http) with context path ''
2021-03-10 11:39:27.566  INFO 17446 --- [    Test worker] engine.WebQuizEngine                     : Started WebQuizEngine in 4.188 seconds (JVM running for 5.569)
2021-03-10 11:39:28.112  INFO 17446 --- [nio-8889-exec-1] o.a.c.c.C.[Tomcat].[localhost].[/]       : Initializing Spring DispatcherServlet 'dispatcherServlet'
2021-03-10 11:39:28.113  INFO 17446 --- [nio-8889-exec-1] o.s.web.servlet.DispatcherServlet        : Initializing Servlet 'dispatcherServlet'
2021-03-10 11:39:28.124  INFO 17446 --- [nio-8889-exec-1] o.s.web.servlet.DispatcherServlet        : Completed initialization in 10 ms
?[1;31m
Start test 2?[0m
?[1;31m
Start test 3?[0m
?[1;31m
Start test 4?[0m
?[1;31m
Start test 5?[0m
?[1;31m
Start test 6?[0m
?[1;31m
Start test 7?[0m
?[1;31m
Start test 8?[0m
?[1;31m
Start test 9?[0m
?[1;31m
Start test 10?[0m
?[1;31m
Start test 11?[0m
?[1;31m
Start test 12?[0m
?[1;31m
Start test 13?[0m
?[1;31m
Start test 14?[0m
?[1;31m
Start test 15?[0m
?[1;31m
Start test 16?[0m
?[1;31m
Start test 17?[0m
]]></system-out>
  <system-err><![CDATA[]]></system-err>
</testsuite>
