<?xml version="1.0" encoding="UTF-8"?>
<testsuite name="tests.WebQuizEngineTest" tests="1" skipped="0" failures="0" errors="0" timestamp="2021-03-14T09:11:53" hostname="Williams-MacBook-Pro-184.local" time="16.834">
  <properties/>
  <testcase name="start" classname="tests.WebQuizEngineTest" time="16.834"/>
  <system-out><![CDATA[?[1;31m
Start test 1?[0m

  .   ____          _            __ _ _
 /\\ / ___'_ __ _ _(_)_ __  __ _ \ \ \ \
( ( )\___ | '_ | '_| | '_ \/ _` | \ \ \ \
 \\/  ___)| |_)| | | | | || (_| |  ) ) ) )
  '  |____| .__|_| |_|_| |_\__, | / / / /
 =========|_|==============|___/=/_/_/_/
 :: Spring Boot ::        (v2.2.2.RELEASE)

2021-03-14 04:11:54.311  INFO 11187 --- [    Test worker] engine.WebQuizEngine                     : Starting WebQuizEngine on Williams-MacBook-Pro-184.local with PID 11187 (started by Polvyer in /Users/Polvyer/IdeaProjects/Web Quiz Engine/Web Quiz Engine/task)
2021-03-14 04:11:54.316  INFO 11187 --- [    Test worker] engine.WebQuizEngine                     : No active profile set, falling back to default profiles: default
2021-03-14 04:11:56.049  INFO 11187 --- [    Test worker] .s.d.r.c.RepositoryConfigurationDelegate : Bootstrapping Spring Data JPA repositories in DEFAULT mode.
2021-03-14 04:11:56.134  INFO 11187 --- [    Test worker] .s.d.r.c.RepositoryConfigurationDelegate : Finished Spring Data repository scanning in 70ms. Found 1 JPA repository interfaces.
2021-03-14 04:11:56.710  INFO 11187 --- [    Test worker] trationDelegate$BeanPostProcessorChecker : Bean 'org.springframework.transaction.annotation.ProxyTransactionManagementConfiguration' of type [org.springframework.transaction.annotation.ProxyTransactionManagementConfiguration] is not eligible for getting processed by all BeanPostProcessors (for example: not eligible for auto-proxying)
2021-03-14 04:11:57.225  INFO 11187 --- [    Test worker] o.s.b.w.embedded.tomcat.TomcatWebServer  : Tomcat initialized with port(s): 8889 (http)
2021-03-14 04:11:57.253  INFO 11187 --- [    Test worker] o.apache.catalina.core.StandardService   : Starting service [Tomcat]
2021-03-14 04:11:57.254  INFO 11187 --- [    Test worker] org.apache.catalina.core.StandardEngine  : Starting Servlet engine: [Apache Tomcat/9.0.29]
2021-03-14 04:11:57.952  INFO 11187 --- [    Test worker] o.a.c.c.C.[Tomcat].[localhost].[/]       : Initializing Spring embedded WebApplicationContext
2021-03-14 04:11:57.952  INFO 11187 --- [    Test worker] o.s.web.context.ContextLoader            : Root WebApplicationContext: initialization completed in 3537 ms
2021-03-14 04:11:58.284  INFO 11187 --- [    Test worker] com.zaxxer.hikari.HikariDataSource       : HikariPool-1 - Starting...
2021-03-14 04:11:58.634  INFO 11187 --- [    Test worker] com.zaxxer.hikari.HikariDataSource       : HikariPool-1 - Start completed.
2021-03-14 04:11:58.646  INFO 11187 --- [    Test worker] o.s.b.a.h2.H2ConsoleAutoConfiguration    : H2 console available at '/h2-console'. Database available at 'jdbc:h2:file:../quizdb'
2021-03-14 04:11:59.072  INFO 11187 --- [    Test worker] o.hibernate.jpa.internal.util.LogHelper  : HHH000204: Processing PersistenceUnitInfo [name: default]
2021-03-14 04:11:59.291  INFO 11187 --- [    Test worker] org.hibernate.Version                    : HHH000412: Hibernate Core {5.4.9.Final}
2021-03-14 04:11:59.624  INFO 11187 --- [    Test worker] o.hibernate.annotations.common.Version   : HCANN000001: Hibernate Commons Annotations {5.1.0.Final}
2021-03-14 04:11:59.805  INFO 11187 --- [    Test worker] org.hibernate.dialect.Dialect            : HHH000400: Using dialect: org.hibernate.dialect.H2Dialect
Hibernate: create table quiz (id integer generated by default as identity, text varchar(255), title varchar(255), primary key (id))
Hibernate: create table quiz_answer (quiz_id integer not null, answer integer)
Hibernate: create table quiz_options (quiz_id integer not null, options varchar(255))
Hibernate: alter table quiz_answer add constraint FKoxi2td1x8cc3y4a0vlsg2hfnc foreign key (quiz_id) references quiz
Hibernate: alter table quiz_options add constraint FKsx28j7orq6asg17veq9nblhw8 foreign key (quiz_id) references quiz
2021-03-14 04:12:01.072  INFO 11187 --- [    Test worker] o.h.e.t.j.p.i.JtaPlatformInitiator       : HHH000490: Using JtaPlatform implementation: [org.hibernate.engine.transaction.jta.platform.internal.NoJtaPlatform]
2021-03-14 04:12:01.083  INFO 11187 --- [    Test worker] j.LocalContainerEntityManagerFactoryBean : Initialized JPA EntityManagerFactory for persistence unit 'default'
2021-03-14 04:12:01.503  WARN 11187 --- [    Test worker] JpaBaseConfiguration$JpaWebConfiguration : spring.jpa.open-in-view is enabled by default. Therefore, database queries may be performed during view rendering. Explicitly configure spring.jpa.open-in-view to disable this warning
2021-03-14 04:12:01.692  INFO 11187 --- [    Test worker] o.s.s.concurrent.ThreadPoolTaskExecutor  : Initializing ExecutorService 'applicationTaskExecutor'
2021-03-14 04:12:02.185  INFO 11187 --- [    Test worker] o.s.b.a.e.web.EndpointLinksResolver      : Exposing 14 endpoint(s) beneath base path '/actuator'
2021-03-14 04:12:02.332  INFO 11187 --- [    Test worker] o.s.b.w.embedded.tomcat.TomcatWebServer  : Tomcat started on port(s): 8889 (http) with context path ''
2021-03-14 04:12:02.340  INFO 11187 --- [    Test worker] engine.WebQuizEngine                     : Started WebQuizEngine in 8.851 seconds (JVM running for 10.317)
2021-03-14 04:12:03.030  INFO 11187 --- [nio-8889-exec-1] o.a.c.c.C.[Tomcat].[localhost].[/]       : Initializing Spring DispatcherServlet 'dispatcherServlet'
2021-03-14 04:12:03.031  INFO 11187 --- [nio-8889-exec-1] o.s.web.servlet.DispatcherServlet        : Initializing Servlet 'dispatcherServlet'
2021-03-14 04:12:03.045  INFO 11187 --- [nio-8889-exec-1] o.s.web.servlet.DispatcherServlet        : Completed initialization in 13 ms
Hibernate: select quiz0_.id as id1_0_, quiz0_.text as text2_0_, quiz0_.title as title3_0_ from quiz quiz0_
?[1;31m
Start test 2?[0m
Hibernate: insert into quiz (id, text, title) values (null, ?, ?)
Hibernate: insert into quiz_answer (quiz_id, answer) values (?, ?)
Hibernate: insert into quiz_options (quiz_id, options) values (?, ?)
Hibernate: insert into quiz_options (quiz_id, options) values (?, ?)
Hibernate: insert into quiz_options (quiz_id, options) values (?, ?)
Hibernate: insert into quiz_options (quiz_id, options) values (?, ?)
?[1;31m
Start test 3?[0m
Hibernate: select quiz0_.id as id1_0_0_, quiz0_.text as text2_0_0_, quiz0_.title as title3_0_0_ from quiz quiz0_ where quiz0_.id=?
Hibernate: select options0_.quiz_id as quiz_id1_2_0_, options0_.options as options2_2_0_ from quiz_options options0_ where options0_.quiz_id=?
?[1;31m
Start test 4?[0m
Hibernate: select quiz0_.id as id1_0_0_, quiz0_.text as text2_0_0_, quiz0_.title as title3_0_0_ from quiz quiz0_ where quiz0_.id=?
?[1;31m
Start test 5?[0m
Hibernate: select quiz0_.id as id1_0_, quiz0_.text as text2_0_, quiz0_.title as title3_0_ from quiz quiz0_
Hibernate: select options0_.quiz_id as quiz_id1_2_0_, options0_.options as options2_2_0_ from quiz_options options0_ where options0_.quiz_id=?
?[1;31m
Start test 6?[0m
Hibernate: insert into quiz (id, text, title) values (null, ?, ?)
Hibernate: insert into quiz_answer (quiz_id, answer) values (?, ?)
Hibernate: insert into quiz_options (quiz_id, options) values (?, ?)
Hibernate: insert into quiz_options (quiz_id, options) values (?, ?)
Hibernate: insert into quiz_options (quiz_id, options) values (?, ?)
Hibernate: insert into quiz_options (quiz_id, options) values (?, ?)
?[1;31m
Start test 7?[0m
Hibernate: select quiz0_.id as id1_0_0_, quiz0_.text as text2_0_0_, quiz0_.title as title3_0_0_ from quiz quiz0_ where quiz0_.id=?
Hibernate: select options0_.quiz_id as quiz_id1_2_0_, options0_.options as options2_2_0_ from quiz_options options0_ where options0_.quiz_id=?
?[1;31m
Start test 8?[0m
Hibernate: select quiz0_.id as id1_0_0_, quiz0_.text as text2_0_0_, quiz0_.title as title3_0_0_ from quiz quiz0_ where quiz0_.id=?
?[1;31m
Start test 9?[0m
Hibernate: select quiz0_.id as id1_0_, quiz0_.text as text2_0_, quiz0_.title as title3_0_ from quiz quiz0_
Hibernate: select options0_.quiz_id as quiz_id1_2_0_, options0_.options as options2_2_0_ from quiz_options options0_ where options0_.quiz_id=?
Hibernate: select options0_.quiz_id as quiz_id1_2_0_, options0_.options as options2_2_0_ from quiz_options options0_ where options0_.quiz_id=?
?[1;31m
Start test 10?[0m
Hibernate: select quiz0_.id as id1_0_0_, quiz0_.text as text2_0_0_, quiz0_.title as title3_0_0_ from quiz quiz0_ where quiz0_.id=?
Hibernate: select answer0_.quiz_id as quiz_id1_1_0_, answer0_.answer as answer2_1_0_ from quiz_answer answer0_ where answer0_.quiz_id=?
?[1;31m
Start test 11?[0m
Hibernate: select quiz0_.id as id1_0_0_, quiz0_.text as text2_0_0_, quiz0_.title as title3_0_0_ from quiz quiz0_ where quiz0_.id=?
Hibernate: select answer0_.quiz_id as quiz_id1_1_0_, answer0_.answer as answer2_1_0_ from quiz_answer answer0_ where answer0_.quiz_id=?
?[1;31m
Start test 12?[0m
Hibernate: select quiz0_.id as id1_0_0_, quiz0_.text as text2_0_0_, quiz0_.title as title3_0_0_ from quiz quiz0_ where quiz0_.id=?
Hibernate: select answer0_.quiz_id as quiz_id1_1_0_, answer0_.answer as answer2_1_0_ from quiz_answer answer0_ where answer0_.quiz_id=?
?[1;31m
Start test 13?[0m
Hibernate: select quiz0_.id as id1_0_0_, quiz0_.text as text2_0_0_, quiz0_.title as title3_0_0_ from quiz quiz0_ where quiz0_.id=?
Hibernate: select answer0_.quiz_id as quiz_id1_1_0_, answer0_.answer as answer2_1_0_ from quiz_answer answer0_ where answer0_.quiz_id=?
?[1;31m
Start test 14?[0m
Hibernate: select quiz0_.id as id1_0_0_, quiz0_.text as text2_0_0_, quiz0_.title as title3_0_0_ from quiz quiz0_ where quiz0_.id=?
Hibernate: select answer0_.quiz_id as quiz_id1_1_0_, answer0_.answer as answer2_1_0_ from quiz_answer answer0_ where answer0_.quiz_id=?
?[1;31m
Start test 15?[0m
Hibernate: select quiz0_.id as id1_0_0_, quiz0_.text as text2_0_0_, quiz0_.title as title3_0_0_ from quiz quiz0_ where quiz0_.id=?
Hibernate: select answer0_.quiz_id as quiz_id1_1_0_, answer0_.answer as answer2_1_0_ from quiz_answer answer0_ where answer0_.quiz_id=?
?[1;31m
Start test 16?[0m
Hibernate: select quiz0_.id as id1_0_0_, quiz0_.text as text2_0_0_, quiz0_.title as title3_0_0_ from quiz quiz0_ where quiz0_.id=?
Hibernate: select answer0_.quiz_id as quiz_id1_1_0_, answer0_.answer as answer2_1_0_ from quiz_answer answer0_ where answer0_.quiz_id=?
?[1;31m
Start test 17?[0m
Hibernate: select quiz0_.id as id1_0_0_, quiz0_.text as text2_0_0_, quiz0_.title as title3_0_0_ from quiz quiz0_ where quiz0_.id=?
Hibernate: select answer0_.quiz_id as quiz_id1_1_0_, answer0_.answer as answer2_1_0_ from quiz_answer answer0_ where answer0_.quiz_id=?
?[1;31m
Start test 18?[0m
Hibernate: select quiz0_.id as id1_0_, quiz0_.text as text2_0_, quiz0_.title as title3_0_ from quiz quiz0_
Hibernate: select options0_.quiz_id as quiz_id1_2_0_, options0_.options as options2_2_0_ from quiz_options options0_ where options0_.quiz_id=?
Hibernate: select options0_.quiz_id as quiz_id1_2_0_, options0_.options as options2_2_0_ from quiz_options options0_ where options0_.quiz_id=?
?[1;31m
Start test 19?[0m
2021-03-14 04:12:04.531  INFO 11187 --- [       Thread-6] o.s.s.concurrent.ThreadPoolTaskExecutor  : Shutting down ExecutorService 'applicationTaskExecutor'
2021-03-14 04:12:04.532  INFO 11187 --- [       Thread-6] j.LocalContainerEntityManagerFactoryBean : Closing JPA EntityManagerFactory for persistence unit 'default'
2021-03-14 04:12:04.559  INFO 11187 --- [       Thread-6] com.zaxxer.hikari.HikariDataSource       : HikariPool-1 - Shutdown initiated...
2021-03-14 04:12:04.862  INFO 11187 --- [       Thread-6] com.zaxxer.hikari.HikariDataSource       : HikariPool-1 - Shutdown completed.

  .   ____          _            __ _ _
 /\\ / ___'_ __ _ _(_)_ __  __ _ \ \ \ \
( ( )\___ | '_ | '_| | '_ \/ _` | \ \ \ \
 \\/  ___)| |_)| | | | | || (_| |  ) ) ) )
  '  |____| .__|_| |_|_| |_\__, | / / / /
 =========|_|==============|___/=/_/_/_/
 :: Spring Boot ::        (v2.2.2.RELEASE)

2021-03-14 04:12:04.929  INFO 11187 --- [    Test worker] engine.WebQuizEngine                     : Starting WebQuizEngine on Williams-MacBook-Pro-184.local with PID 11187 (started by Polvyer in /Users/Polvyer/IdeaProjects/Web Quiz Engine/Web Quiz Engine/task)
2021-03-14 04:12:04.930  INFO 11187 --- [    Test worker] engine.WebQuizEngine                     : No active profile set, falling back to default profiles: default
2021-03-14 04:12:05.396  INFO 11187 --- [    Test worker] .s.d.r.c.RepositoryConfigurationDelegate : Bootstrapping Spring Data JPA repositories in DEFAULT mode.
2021-03-14 04:12:05.413  INFO 11187 --- [    Test worker] .s.d.r.c.RepositoryConfigurationDelegate : Finished Spring Data repository scanning in 15ms. Found 1 JPA repository interfaces.
2021-03-14 04:12:05.548  INFO 11187 --- [    Test worker] trationDelegate$BeanPostProcessorChecker : Bean 'org.springframework.transaction.annotation.ProxyTransactionManagementConfiguration' of type [org.springframework.transaction.annotation.ProxyTransactionManagementConfiguration] is not eligible for getting processed by all BeanPostProcessors (for example: not eligible for auto-proxying)
2021-03-14 04:12:05.617  WARN 11187 --- [    Test worker] org.apache.tomcat.util.modeler.Registry  : The MBean registry cannot be disabled because it has already been initialised
2021-03-14 04:12:05.625  INFO 11187 --- [    Test worker] o.s.b.w.embedded.tomcat.TomcatWebServer  : Tomcat initialized with port(s): 8889 (http)
2021-03-14 04:12:05.626  INFO 11187 --- [    Test worker] o.apache.catalina.core.StandardService   : Starting service [Tomcat]
2021-03-14 04:12:05.627  INFO 11187 --- [    Test worker] org.apache.catalina.core.StandardEngine  : Starting Servlet engine: [Apache Tomcat/9.0.29]
2021-03-14 04:12:05.662  INFO 11187 --- [    Test worker] o.a.c.c.C.[Tomcat].[localhost].[/]       : Initializing Spring embedded WebApplicationContext
2021-03-14 04:12:05.662  INFO 11187 --- [    Test worker] o.s.web.context.ContextLoader            : Root WebApplicationContext: initialization completed in 728 ms
2021-03-14 04:12:05.746  INFO 11187 --- [    Test worker] com.zaxxer.hikari.HikariDataSource       : HikariPool-2 - Starting...
2021-03-14 04:12:05.760  INFO 11187 --- [    Test worker] com.zaxxer.hikari.HikariDataSource       : HikariPool-2 - Start completed.
2021-03-14 04:12:05.761  INFO 11187 --- [    Test worker] o.s.b.a.h2.H2ConsoleAutoConfiguration    : H2 console available at '/h2-console'. Database available at 'jdbc:h2:file:../quizdb'
2021-03-14 04:12:05.972  INFO 11187 --- [    Test worker] o.hibernate.jpa.internal.util.LogHelper  : HHH000204: Processing PersistenceUnitInfo [name: default]
2021-03-14 04:12:05.988  INFO 11187 --- [    Test worker] org.hibernate.dialect.Dialect            : HHH000400: Using dialect: org.hibernate.dialect.H2Dialect
2021-03-14 04:12:06.182  INFO 11187 --- [    Test worker] o.h.e.t.j.p.i.JtaPlatformInitiator       : HHH000490: Using JtaPlatform implementation: [org.hibernate.engine.transaction.jta.platform.internal.NoJtaPlatform]
2021-03-14 04:12:06.183  INFO 11187 --- [    Test worker] j.LocalContainerEntityManagerFactoryBean : Initialized JPA EntityManagerFactory for persistence unit 'default'
2021-03-14 04:12:06.332  WARN 11187 --- [    Test worker] JpaBaseConfiguration$JpaWebConfiguration : spring.jpa.open-in-view is enabled by default. Therefore, database queries may be performed during view rendering. Explicitly configure spring.jpa.open-in-view to disable this warning
2021-03-14 04:12:06.431  INFO 11187 --- [    Test worker] o.s.s.concurrent.ThreadPoolTaskExecutor  : Initializing ExecutorService 'applicationTaskExecutor'
2021-03-14 04:12:06.689  INFO 11187 --- [    Test worker] o.s.b.a.e.web.EndpointLinksResolver      : Exposing 14 endpoint(s) beneath base path '/actuator'
2021-03-14 04:12:06.735  INFO 11187 --- [    Test worker] o.s.b.w.embedded.tomcat.TomcatWebServer  : Tomcat started on port(s): 8889 (http) with context path ''
2021-03-14 04:12:06.737  INFO 11187 --- [    Test worker] engine.WebQuizEngine                     : Started WebQuizEngine in 1.865 seconds (JVM running for 14.715)
?[1;31m
Start test 20?[0m
2021-03-14 04:12:06.750  INFO 11187 --- [nio-8889-exec-1] o.a.c.c.C.[Tomcat].[localhost].[/]       : Initializing Spring DispatcherServlet 'dispatcherServlet'
2021-03-14 04:12:06.751  INFO 11187 --- [nio-8889-exec-1] o.s.web.servlet.DispatcherServlet        : Initializing Servlet 'dispatcherServlet'
2021-03-14 04:12:06.758  INFO 11187 --- [nio-8889-exec-1] o.s.web.servlet.DispatcherServlet        : Completed initialization in 6 ms
Hibernate: select quiz0_.id as id1_0_, quiz0_.text as text2_0_, quiz0_.title as title3_0_ from quiz quiz0_
Hibernate: select options0_.quiz_id as quiz_id1_2_0_, options0_.options as options2_2_0_ from quiz_options options0_ where options0_.quiz_id=?
Hibernate: select options0_.quiz_id as quiz_id1_2_0_, options0_.options as options2_2_0_ from quiz_options options0_ where options0_.quiz_id=?
?[1;31m
Start test 21?[0m
Hibernate: select quiz0_.id as id1_0_0_, quiz0_.text as text2_0_0_, quiz0_.title as title3_0_0_ from quiz quiz0_ where quiz0_.id=?
Hibernate: select answer0_.quiz_id as quiz_id1_1_0_, answer0_.answer as answer2_1_0_ from quiz_answer answer0_ where answer0_.quiz_id=?
?[1;31m
Start test 22?[0m
Hibernate: select quiz0_.id as id1_0_0_, quiz0_.text as text2_0_0_, quiz0_.title as title3_0_0_ from quiz quiz0_ where quiz0_.id=?
Hibernate: select answer0_.quiz_id as quiz_id1_1_0_, answer0_.answer as answer2_1_0_ from quiz_answer answer0_ where answer0_.quiz_id=?
?[1;31m
Start test 23?[0m
Hibernate: select quiz0_.id as id1_0_0_, quiz0_.text as text2_0_0_, quiz0_.title as title3_0_0_ from quiz quiz0_ where quiz0_.id=?
Hibernate: select answer0_.quiz_id as quiz_id1_1_0_, answer0_.answer as answer2_1_0_ from quiz_answer answer0_ where answer0_.quiz_id=?
?[1;31m
Start test 24?[0m
Hibernate: select quiz0_.id as id1_0_0_, quiz0_.text as text2_0_0_, quiz0_.title as title3_0_0_ from quiz quiz0_ where quiz0_.id=?
Hibernate: select answer0_.quiz_id as quiz_id1_1_0_, answer0_.answer as answer2_1_0_ from quiz_answer answer0_ where answer0_.quiz_id=?
?[1;31m
Start test 25?[0m
2021-03-14 04:12:06.859  WARN 11187 --- [nio-8889-exec-7] .w.s.m.s.DefaultHandlerExceptionResolver : Resolved [org.springframework.http.converter.HttpMessageNotReadableException: JSON parse error: Unexpected character ('"' (code 34)): was expecting comma to separate Object entries; nested exception is com.fasterxml.jackson.core.JsonParseException: Unexpected character ('"' (code 34)): was expecting comma to separate Object entries
 at [Source: (PushbackInputStream); line: 4, column: 4]]
?[1;31m
Start test 26?[0m
2021-03-14 04:12:06.875  WARN 11187 --- [nio-8889-exec-8] .w.s.m.s.DefaultHandlerExceptionResolver : Resolved [org.springframework.http.converter.HttpMessageNotReadableException: JSON parse error: Unexpected character ('"' (code 34)): was expecting comma to separate Object entries; nested exception is com.fasterxml.jackson.core.JsonParseException: Unexpected character ('"' (code 34)): was expecting comma to separate Object entries
 at [Source: (PushbackInputStream); line: 5, column: 4]]
?[1;31m
Start test 27?[0m
2021-03-14 04:12:06.887  WARN 11187 --- [nio-8889-exec-9] .w.s.m.s.DefaultHandlerExceptionResolver : Resolved [org.springframework.http.converter.HttpMessageNotReadableException: JSON parse error: Unexpected character ('"' (code 34)): was expecting comma to separate Object entries; nested exception is com.fasterxml.jackson.core.JsonParseException: Unexpected character ('"' (code 34)): was expecting comma to separate Object entries
 at [Source: (PushbackInputStream); line: 4, column: 4]]
?[1;31m
Start test 28?[0m
2021-03-14 04:12:06.902  WARN 11187 --- [io-8889-exec-10] .w.s.m.s.DefaultHandlerExceptionResolver : Resolved [org.springframework.http.converter.HttpMessageNotReadableException: JSON parse error: Unexpected character ('"' (code 34)): was expecting comma to separate Object entries; nested exception is com.fasterxml.jackson.core.JsonParseException: Unexpected character ('"' (code 34)): was expecting comma to separate Object entries
 at [Source: (PushbackInputStream); line: 5, column: 4]]
?[1;31m
Start test 29?[0m
2021-03-14 04:12:06.944  WARN 11187 --- [nio-8889-exec-1] .w.s.m.s.DefaultHandlerExceptionResolver : Resolved [org.springframework.web.bind.MethodArgumentNotValidException: Validation failed for argument [0] in public engine.quiz.Quiz engine.quiz.QuizController.createQuiz(engine.quiz.Quiz): [Field error in object 'quiz' on field 'options': rejected value [null]; codes [NotNull.quiz.options,NotNull.options,NotNull.java.util.List,NotNull]; arguments [org.springframework.context.support.DefaultMessageSourceResolvable: codes [quiz.options,options]; arguments []; default message [options]]; default message [Options should contain at least 2 items]] ]
?[1;31m
Start test 30?[0m
2021-03-14 04:12:06.981  WARN 11187 --- [nio-8889-exec-2] .w.s.m.s.DefaultHandlerExceptionResolver : Resolved [org.springframework.http.converter.HttpMessageNotReadableException: JSON parse error: Unexpected character ('"' (code 34)): was expecting comma to separate Object entries; nested exception is com.fasterxml.jackson.core.JsonParseException: Unexpected character ('"' (code 34)): was expecting comma to separate Object entries
 at [Source: (PushbackInputStream); line: 5, column: 4]]
?[1;31m
Start test 31?[0m
2021-03-14 04:12:06.994  WARN 11187 --- [nio-8889-exec-3] .w.s.m.s.DefaultHandlerExceptionResolver : Resolved [org.springframework.http.converter.HttpMessageNotReadableException: JSON parse error: Unexpected character ('"' (code 34)): was expecting comma to separate Object entries; nested exception is com.fasterxml.jackson.core.JsonParseException: Unexpected character ('"' (code 34)): was expecting comma to separate Object entries
 at [Source: (PushbackInputStream); line: 5, column: 4]]
?[1;31m
Start test 32?[0m
Hibernate: insert into quiz (id, text, title) values (null, ?, ?)
Hibernate: insert into quiz_answer (quiz_id, answer) values (?, ?)
Hibernate: insert into quiz_answer (quiz_id, answer) values (?, ?)
Hibernate: insert into quiz_options (quiz_id, options) values (?, ?)
Hibernate: insert into quiz_options (quiz_id, options) values (?, ?)
Hibernate: insert into quiz_options (quiz_id, options) values (?, ?)
Hibernate: insert into quiz_options (quiz_id, options) values (?, ?)
?[1;31m
Start test 33?[0m
Hibernate: select quiz0_.id as id1_0_0_, quiz0_.text as text2_0_0_, quiz0_.title as title3_0_0_ from quiz quiz0_ where quiz0_.id=?
Hibernate: select options0_.quiz_id as quiz_id1_2_0_, options0_.options as options2_2_0_ from quiz_options options0_ where options0_.quiz_id=?
?[1;31m
Start test 34?[0m
Hibernate: select quiz0_.id as id1_0_0_, quiz0_.text as text2_0_0_, quiz0_.title as title3_0_0_ from quiz quiz0_ where quiz0_.id=?
?[1;31m
Start test 35?[0m
Hibernate: select quiz0_.id as id1_0_0_, quiz0_.text as text2_0_0_, quiz0_.title as title3_0_0_ from quiz quiz0_ where quiz0_.id=?
Hibernate: select answer0_.quiz_id as quiz_id1_1_0_, answer0_.answer as answer2_1_0_ from quiz_answer answer0_ where answer0_.quiz_id=?
?[1;31m
Start test 36?[0m
Hibernate: select quiz0_.id as id1_0_0_, quiz0_.text as text2_0_0_, quiz0_.title as title3_0_0_ from quiz quiz0_ where quiz0_.id=?
Hibernate: select answer0_.quiz_id as quiz_id1_1_0_, answer0_.answer as answer2_1_0_ from quiz_answer answer0_ where answer0_.quiz_id=?
?[1;31m
Start test 37?[0m
Hibernate: select quiz0_.id as id1_0_0_, quiz0_.text as text2_0_0_, quiz0_.title as title3_0_0_ from quiz quiz0_ where quiz0_.id=?
Hibernate: select answer0_.quiz_id as quiz_id1_1_0_, answer0_.answer as answer2_1_0_ from quiz_answer answer0_ where answer0_.quiz_id=?
?[1;31m
Start test 38?[0m
Hibernate: select quiz0_.id as id1_0_0_, quiz0_.text as text2_0_0_, quiz0_.title as title3_0_0_ from quiz quiz0_ where quiz0_.id=?
Hibernate: select answer0_.quiz_id as quiz_id1_1_0_, answer0_.answer as answer2_1_0_ from quiz_answer answer0_ where answer0_.quiz_id=?
?[1;31m
Start test 39?[0m
Hibernate: select quiz0_.id as id1_0_0_, quiz0_.text as text2_0_0_, quiz0_.title as title3_0_0_ from quiz quiz0_ where quiz0_.id=?
Hibernate: select answer0_.quiz_id as quiz_id1_1_0_, answer0_.answer as answer2_1_0_ from quiz_answer answer0_ where answer0_.quiz_id=?
?[1;31m
Start test 40?[0m
Hibernate: select quiz0_.id as id1_0_0_, quiz0_.text as text2_0_0_, quiz0_.title as title3_0_0_ from quiz quiz0_ where quiz0_.id=?
Hibernate: select answer0_.quiz_id as quiz_id1_1_0_, answer0_.answer as answer2_1_0_ from quiz_answer answer0_ where answer0_.quiz_id=?
?[1;31m
Start test 41?[0m
Hibernate: select quiz0_.id as id1_0_0_, quiz0_.text as text2_0_0_, quiz0_.title as title3_0_0_ from quiz quiz0_ where quiz0_.id=?
Hibernate: select answer0_.quiz_id as quiz_id1_1_0_, answer0_.answer as answer2_1_0_ from quiz_answer answer0_ where answer0_.quiz_id=?
?[1;31m
Start test 42?[0m
Hibernate: select quiz0_.id as id1_0_0_, quiz0_.text as text2_0_0_, quiz0_.title as title3_0_0_ from quiz quiz0_ where quiz0_.id=?
Hibernate: select answer0_.quiz_id as quiz_id1_1_0_, answer0_.answer as answer2_1_0_ from quiz_answer answer0_ where answer0_.quiz_id=?
?[1;31m
Start test 43?[0m
Hibernate: select quiz0_.id as id1_0_0_, quiz0_.text as text2_0_0_, quiz0_.title as title3_0_0_ from quiz quiz0_ where quiz0_.id=?
Hibernate: select answer0_.quiz_id as quiz_id1_1_0_, answer0_.answer as answer2_1_0_ from quiz_answer answer0_ where answer0_.quiz_id=?
?[1;31m
Start test 44?[0m
Hibernate: select quiz0_.id as id1_0_0_, quiz0_.text as text2_0_0_, quiz0_.title as title3_0_0_ from quiz quiz0_ where quiz0_.id=?
Hibernate: select answer0_.quiz_id as quiz_id1_1_0_, answer0_.answer as answer2_1_0_ from quiz_answer answer0_ where answer0_.quiz_id=?
?[1;31m
Start test 45?[0m
Hibernate: select quiz0_.id as id1_0_0_, quiz0_.text as text2_0_0_, quiz0_.title as title3_0_0_ from quiz quiz0_ where quiz0_.id=?
Hibernate: select answer0_.quiz_id as quiz_id1_1_0_, answer0_.answer as answer2_1_0_ from quiz_answer answer0_ where answer0_.quiz_id=?
?[1;31m
Start test 46?[0m
Hibernate: select quiz0_.id as id1_0_0_, quiz0_.text as text2_0_0_, quiz0_.title as title3_0_0_ from quiz quiz0_ where quiz0_.id=?
Hibernate: select answer0_.quiz_id as quiz_id1_1_0_, answer0_.answer as answer2_1_0_ from quiz_answer answer0_ where answer0_.quiz_id=?
?[1;31m
Start test 47?[0m
Hibernate: select quiz0_.id as id1_0_0_, quiz0_.text as text2_0_0_, quiz0_.title as title3_0_0_ from quiz quiz0_ where quiz0_.id=?
Hibernate: select answer0_.quiz_id as quiz_id1_1_0_, answer0_.answer as answer2_1_0_ from quiz_answer answer0_ where answer0_.quiz_id=?
?[1;31m
Start test 48?[0m
Hibernate: select quiz0_.id as id1_0_0_, quiz0_.text as text2_0_0_, quiz0_.title as title3_0_0_ from quiz quiz0_ where quiz0_.id=?
Hibernate: select answer0_.quiz_id as quiz_id1_1_0_, answer0_.answer as answer2_1_0_ from quiz_answer answer0_ where answer0_.quiz_id=?
?[1;31m
Start test 49?[0m
Hibernate: select quiz0_.id as id1_0_0_, quiz0_.text as text2_0_0_, quiz0_.title as title3_0_0_ from quiz quiz0_ where quiz0_.id=?
Hibernate: select answer0_.quiz_id as quiz_id1_1_0_, answer0_.answer as answer2_1_0_ from quiz_answer answer0_ where answer0_.quiz_id=?
?[1;31m
Start test 50?[0m
Hibernate: insert into quiz (id, text, title) values (null, ?, ?)
Hibernate: insert into quiz_answer (quiz_id, answer) values (?, ?)
Hibernate: insert into quiz_answer (quiz_id, answer) values (?, ?)
Hibernate: insert into quiz_options (quiz_id, options) values (?, ?)
Hibernate: insert into quiz_options (quiz_id, options) values (?, ?)
Hibernate: insert into quiz_options (quiz_id, options) values (?, ?)
Hibernate: insert into quiz_options (quiz_id, options) values (?, ?)
?[1;31m
Start test 51?[0m
Hibernate: select quiz0_.id as id1_0_0_, quiz0_.text as text2_0_0_, quiz0_.title as title3_0_0_ from quiz quiz0_ where quiz0_.id=?
Hibernate: select options0_.quiz_id as quiz_id1_2_0_, options0_.options as options2_2_0_ from quiz_options options0_ where options0_.quiz_id=?
?[1;31m
Start test 52?[0m
Hibernate: select quiz0_.id as id1_0_0_, quiz0_.text as text2_0_0_, quiz0_.title as title3_0_0_ from quiz quiz0_ where quiz0_.id=?
?[1;31m
Start test 53?[0m
Hibernate: select quiz0_.id as id1_0_0_, quiz0_.text as text2_0_0_, quiz0_.title as title3_0_0_ from quiz quiz0_ where quiz0_.id=?
Hibernate: select answer0_.quiz_id as quiz_id1_1_0_, answer0_.answer as answer2_1_0_ from quiz_answer answer0_ where answer0_.quiz_id=?
?[1;31m
Start test 54?[0m
Hibernate: select quiz0_.id as id1_0_0_, quiz0_.text as text2_0_0_, quiz0_.title as title3_0_0_ from quiz quiz0_ where quiz0_.id=?
Hibernate: select answer0_.quiz_id as quiz_id1_1_0_, answer0_.answer as answer2_1_0_ from quiz_answer answer0_ where answer0_.quiz_id=?
?[1;31m
Start test 55?[0m
Hibernate: select quiz0_.id as id1_0_0_, quiz0_.text as text2_0_0_, quiz0_.title as title3_0_0_ from quiz quiz0_ where quiz0_.id=?
Hibernate: select answer0_.quiz_id as quiz_id1_1_0_, answer0_.answer as answer2_1_0_ from quiz_answer answer0_ where answer0_.quiz_id=?
?[1;31m
Start test 56?[0m
Hibernate: select quiz0_.id as id1_0_0_, quiz0_.text as text2_0_0_, quiz0_.title as title3_0_0_ from quiz quiz0_ where quiz0_.id=?
Hibernate: select answer0_.quiz_id as quiz_id1_1_0_, answer0_.answer as answer2_1_0_ from quiz_answer answer0_ where answer0_.quiz_id=?
?[1;31m
Start test 57?[0m
Hibernate: select quiz0_.id as id1_0_0_, quiz0_.text as text2_0_0_, quiz0_.title as title3_0_0_ from quiz quiz0_ where quiz0_.id=?
Hibernate: select answer0_.quiz_id as quiz_id1_1_0_, answer0_.answer as answer2_1_0_ from quiz_answer answer0_ where answer0_.quiz_id=?
?[1;31m
Start test 58?[0m
Hibernate: select quiz0_.id as id1_0_0_, quiz0_.text as text2_0_0_, quiz0_.title as title3_0_0_ from quiz quiz0_ where quiz0_.id=?
Hibernate: select answer0_.quiz_id as quiz_id1_1_0_, answer0_.answer as answer2_1_0_ from quiz_answer answer0_ where answer0_.quiz_id=?
?[1;31m
Start test 59?[0m
Hibernate: select quiz0_.id as id1_0_0_, quiz0_.text as text2_0_0_, quiz0_.title as title3_0_0_ from quiz quiz0_ where quiz0_.id=?
Hibernate: select answer0_.quiz_id as quiz_id1_1_0_, answer0_.answer as answer2_1_0_ from quiz_answer answer0_ where answer0_.quiz_id=?
?[1;31m
Start test 60?[0m
Hibernate: select quiz0_.id as id1_0_0_, quiz0_.text as text2_0_0_, quiz0_.title as title3_0_0_ from quiz quiz0_ where quiz0_.id=?
Hibernate: select answer0_.quiz_id as quiz_id1_1_0_, answer0_.answer as answer2_1_0_ from quiz_answer answer0_ where answer0_.quiz_id=?
?[1;31m
Start test 61?[0m
Hibernate: select quiz0_.id as id1_0_0_, quiz0_.text as text2_0_0_, quiz0_.title as title3_0_0_ from quiz quiz0_ where quiz0_.id=?
Hibernate: select answer0_.quiz_id as quiz_id1_1_0_, answer0_.answer as answer2_1_0_ from quiz_answer answer0_ where answer0_.quiz_id=?
?[1;31m
Start test 62?[0m
Hibernate: select quiz0_.id as id1_0_0_, quiz0_.text as text2_0_0_, quiz0_.title as title3_0_0_ from quiz quiz0_ where quiz0_.id=?
Hibernate: select answer0_.quiz_id as quiz_id1_1_0_, answer0_.answer as answer2_1_0_ from quiz_answer answer0_ where answer0_.quiz_id=?
?[1;31m
Start test 63?[0m
Hibernate: select quiz0_.id as id1_0_0_, quiz0_.text as text2_0_0_, quiz0_.title as title3_0_0_ from quiz quiz0_ where quiz0_.id=?
Hibernate: select answer0_.quiz_id as quiz_id1_1_0_, answer0_.answer as answer2_1_0_ from quiz_answer answer0_ where answer0_.quiz_id=?
?[1;31m
Start test 64?[0m
Hibernate: select quiz0_.id as id1_0_0_, quiz0_.text as text2_0_0_, quiz0_.title as title3_0_0_ from quiz quiz0_ where quiz0_.id=?
Hibernate: select answer0_.quiz_id as quiz_id1_1_0_, answer0_.answer as answer2_1_0_ from quiz_answer answer0_ where answer0_.quiz_id=?
?[1;31m
Start test 65?[0m
Hibernate: select quiz0_.id as id1_0_0_, quiz0_.text as text2_0_0_, quiz0_.title as title3_0_0_ from quiz quiz0_ where quiz0_.id=?
Hibernate: select answer0_.quiz_id as quiz_id1_1_0_, answer0_.answer as answer2_1_0_ from quiz_answer answer0_ where answer0_.quiz_id=?
?[1;31m
Start test 66?[0m
Hibernate: select quiz0_.id as id1_0_0_, quiz0_.text as text2_0_0_, quiz0_.title as title3_0_0_ from quiz quiz0_ where quiz0_.id=?
Hibernate: select answer0_.quiz_id as quiz_id1_1_0_, answer0_.answer as answer2_1_0_ from quiz_answer answer0_ where answer0_.quiz_id=?
?[1;31m
Start test 67?[0m
Hibernate: select quiz0_.id as id1_0_0_, quiz0_.text as text2_0_0_, quiz0_.title as title3_0_0_ from quiz quiz0_ where quiz0_.id=?
Hibernate: select answer0_.quiz_id as quiz_id1_1_0_, answer0_.answer as answer2_1_0_ from quiz_answer answer0_ where answer0_.quiz_id=?
?[1;31m
Start test 68?[0m
Hibernate: insert into quiz (id, text, title) values (null, ?, ?)
Hibernate: insert into quiz_options (quiz_id, options) values (?, ?)
Hibernate: insert into quiz_options (quiz_id, options) values (?, ?)
Hibernate: insert into quiz_options (quiz_id, options) values (?, ?)
Hibernate: insert into quiz_options (quiz_id, options) values (?, ?)
?[1;31m
Start test 69?[0m
Hibernate: select quiz0_.id as id1_0_0_, quiz0_.text as text2_0_0_, quiz0_.title as title3_0_0_ from quiz quiz0_ where quiz0_.id=?
Hibernate: select options0_.quiz_id as quiz_id1_2_0_, options0_.options as options2_2_0_ from quiz_options options0_ where options0_.quiz_id=?
?[1;31m
Start test 70?[0m
Hibernate: select quiz0_.id as id1_0_0_, quiz0_.text as text2_0_0_, quiz0_.title as title3_0_0_ from quiz quiz0_ where quiz0_.id=?
?[1;31m
Start test 71?[0m
Hibernate: select quiz0_.id as id1_0_0_, quiz0_.text as text2_0_0_, quiz0_.title as title3_0_0_ from quiz quiz0_ where quiz0_.id=?
Hibernate: select answer0_.quiz_id as quiz_id1_1_0_, answer0_.answer as answer2_1_0_ from quiz_answer answer0_ where answer0_.quiz_id=?
?[1;31m
Start test 72?[0m
Hibernate: select quiz0_.id as id1_0_0_, quiz0_.text as text2_0_0_, quiz0_.title as title3_0_0_ from quiz quiz0_ where quiz0_.id=?
Hibernate: select answer0_.quiz_id as quiz_id1_1_0_, answer0_.answer as answer2_1_0_ from quiz_answer answer0_ where answer0_.quiz_id=?
?[1;31m
Start test 73?[0m
Hibernate: select quiz0_.id as id1_0_0_, quiz0_.text as text2_0_0_, quiz0_.title as title3_0_0_ from quiz quiz0_ where quiz0_.id=?
Hibernate: select answer0_.quiz_id as quiz_id1_1_0_, answer0_.answer as answer2_1_0_ from quiz_answer answer0_ where answer0_.quiz_id=?
?[1;31m
Start test 74?[0m
Hibernate: select quiz0_.id as id1_0_0_, quiz0_.text as text2_0_0_, quiz0_.title as title3_0_0_ from quiz quiz0_ where quiz0_.id=?
Hibernate: select answer0_.quiz_id as quiz_id1_1_0_, answer0_.answer as answer2_1_0_ from quiz_answer answer0_ where answer0_.quiz_id=?
?[1;31m
Start test 75?[0m
Hibernate: select quiz0_.id as id1_0_0_, quiz0_.text as text2_0_0_, quiz0_.title as title3_0_0_ from quiz quiz0_ where quiz0_.id=?
Hibernate: select answer0_.quiz_id as quiz_id1_1_0_, answer0_.answer as answer2_1_0_ from quiz_answer answer0_ where answer0_.quiz_id=?
?[1;31m
Start test 76?[0m
Hibernate: select quiz0_.id as id1_0_0_, quiz0_.text as text2_0_0_, quiz0_.title as title3_0_0_ from quiz quiz0_ where quiz0_.id=?
Hibernate: select answer0_.quiz_id as quiz_id1_1_0_, answer0_.answer as answer2_1_0_ from quiz_answer answer0_ where answer0_.quiz_id=?
?[1;31m
Start test 77?[0m
Hibernate: select quiz0_.id as id1_0_0_, quiz0_.text as text2_0_0_, quiz0_.title as title3_0_0_ from quiz quiz0_ where quiz0_.id=?
Hibernate: select answer0_.quiz_id as quiz_id1_1_0_, answer0_.answer as answer2_1_0_ from quiz_answer answer0_ where answer0_.quiz_id=?
?[1;31m
Start test 78?[0m
Hibernate: select quiz0_.id as id1_0_0_, quiz0_.text as text2_0_0_, quiz0_.title as title3_0_0_ from quiz quiz0_ where quiz0_.id=?
Hibernate: select answer0_.quiz_id as quiz_id1_1_0_, answer0_.answer as answer2_1_0_ from quiz_answer answer0_ where answer0_.quiz_id=?
?[1;31m
Start test 79?[0m
Hibernate: select quiz0_.id as id1_0_0_, quiz0_.text as text2_0_0_, quiz0_.title as title3_0_0_ from quiz quiz0_ where quiz0_.id=?
Hibernate: select answer0_.quiz_id as quiz_id1_1_0_, answer0_.answer as answer2_1_0_ from quiz_answer answer0_ where answer0_.quiz_id=?
?[1;31m
Start test 80?[0m
Hibernate: select quiz0_.id as id1_0_0_, quiz0_.text as text2_0_0_, quiz0_.title as title3_0_0_ from quiz quiz0_ where quiz0_.id=?
Hibernate: select answer0_.quiz_id as quiz_id1_1_0_, answer0_.answer as answer2_1_0_ from quiz_answer answer0_ where answer0_.quiz_id=?
?[1;31m
Start test 81?[0m
Hibernate: select quiz0_.id as id1_0_0_, quiz0_.text as text2_0_0_, quiz0_.title as title3_0_0_ from quiz quiz0_ where quiz0_.id=?
Hibernate: select answer0_.quiz_id as quiz_id1_1_0_, answer0_.answer as answer2_1_0_ from quiz_answer answer0_ where answer0_.quiz_id=?
?[1;31m
Start test 82?[0m
Hibernate: select quiz0_.id as id1_0_0_, quiz0_.text as text2_0_0_, quiz0_.title as title3_0_0_ from quiz quiz0_ where quiz0_.id=?
Hibernate: select answer0_.quiz_id as quiz_id1_1_0_, answer0_.answer as answer2_1_0_ from quiz_answer answer0_ where answer0_.quiz_id=?
?[1;31m
Start test 83?[0m
Hibernate: select quiz0_.id as id1_0_0_, quiz0_.text as text2_0_0_, quiz0_.title as title3_0_0_ from quiz quiz0_ where quiz0_.id=?
Hibernate: select answer0_.quiz_id as quiz_id1_1_0_, answer0_.answer as answer2_1_0_ from quiz_answer answer0_ where answer0_.quiz_id=?
?[1;31m
Start test 84?[0m
Hibernate: select quiz0_.id as id1_0_0_, quiz0_.text as text2_0_0_, quiz0_.title as title3_0_0_ from quiz quiz0_ where quiz0_.id=?
Hibernate: select answer0_.quiz_id as quiz_id1_1_0_, answer0_.answer as answer2_1_0_ from quiz_answer answer0_ where answer0_.quiz_id=?
?[1;31m
Start test 85?[0m
Hibernate: select quiz0_.id as id1_0_0_, quiz0_.text as text2_0_0_, quiz0_.title as title3_0_0_ from quiz quiz0_ where quiz0_.id=?
Hibernate: select answer0_.quiz_id as quiz_id1_1_0_, answer0_.answer as answer2_1_0_ from quiz_answer answer0_ where answer0_.quiz_id=?
?[1;31m
Start test 86?[0m
Hibernate: insert into quiz (id, text, title) values (null, ?, ?)
Hibernate: insert into quiz_options (quiz_id, options) values (?, ?)
Hibernate: insert into quiz_options (quiz_id, options) values (?, ?)
Hibernate: insert into quiz_options (quiz_id, options) values (?, ?)
Hibernate: insert into quiz_options (quiz_id, options) values (?, ?)
?[1;31m
Start test 87?[0m
Hibernate: select quiz0_.id as id1_0_0_, quiz0_.text as text2_0_0_, quiz0_.title as title3_0_0_ from quiz quiz0_ where quiz0_.id=?
Hibernate: select options0_.quiz_id as quiz_id1_2_0_, options0_.options as options2_2_0_ from quiz_options options0_ where options0_.quiz_id=?
?[1;31m
Start test 88?[0m
Hibernate: select quiz0_.id as id1_0_0_, quiz0_.text as text2_0_0_, quiz0_.title as title3_0_0_ from quiz quiz0_ where quiz0_.id=?
?[1;31m
Start test 89?[0m
Hibernate: select quiz0_.id as id1_0_0_, quiz0_.text as text2_0_0_, quiz0_.title as title3_0_0_ from quiz quiz0_ where quiz0_.id=?
Hibernate: select answer0_.quiz_id as quiz_id1_1_0_, answer0_.answer as answer2_1_0_ from quiz_answer answer0_ where answer0_.quiz_id=?
?[1;31m
Start test 90?[0m
Hibernate: select quiz0_.id as id1_0_0_, quiz0_.text as text2_0_0_, quiz0_.title as title3_0_0_ from quiz quiz0_ where quiz0_.id=?
Hibernate: select answer0_.quiz_id as quiz_id1_1_0_, answer0_.answer as answer2_1_0_ from quiz_answer answer0_ where answer0_.quiz_id=?
?[1;31m
Start test 91?[0m
Hibernate: select quiz0_.id as id1_0_0_, quiz0_.text as text2_0_0_, quiz0_.title as title3_0_0_ from quiz quiz0_ where quiz0_.id=?
Hibernate: select answer0_.quiz_id as quiz_id1_1_0_, answer0_.answer as answer2_1_0_ from quiz_answer answer0_ where answer0_.quiz_id=?
?[1;31m
Start test 92?[0m
Hibernate: select quiz0_.id as id1_0_0_, quiz0_.text as text2_0_0_, quiz0_.title as title3_0_0_ from quiz quiz0_ where quiz0_.id=?
Hibernate: select answer0_.quiz_id as quiz_id1_1_0_, answer0_.answer as answer2_1_0_ from quiz_answer answer0_ where answer0_.quiz_id=?
?[1;31m
Start test 93?[0m
Hibernate: select quiz0_.id as id1_0_0_, quiz0_.text as text2_0_0_, quiz0_.title as title3_0_0_ from quiz quiz0_ where quiz0_.id=?
Hibernate: select answer0_.quiz_id as quiz_id1_1_0_, answer0_.answer as answer2_1_0_ from quiz_answer answer0_ where answer0_.quiz_id=?
?[1;31m
Start test 94?[0m
Hibernate: select quiz0_.id as id1_0_0_, quiz0_.text as text2_0_0_, quiz0_.title as title3_0_0_ from quiz quiz0_ where quiz0_.id=?
Hibernate: select answer0_.quiz_id as quiz_id1_1_0_, answer0_.answer as answer2_1_0_ from quiz_answer answer0_ where answer0_.quiz_id=?
?[1;31m
Start test 95?[0m
Hibernate: select quiz0_.id as id1_0_0_, quiz0_.text as text2_0_0_, quiz0_.title as title3_0_0_ from quiz quiz0_ where quiz0_.id=?
Hibernate: select answer0_.quiz_id as quiz_id1_1_0_, answer0_.answer as answer2_1_0_ from quiz_answer answer0_ where answer0_.quiz_id=?
?[1;31m
Start test 96?[0m
Hibernate: select quiz0_.id as id1_0_0_, quiz0_.text as text2_0_0_, quiz0_.title as title3_0_0_ from quiz quiz0_ where quiz0_.id=?
Hibernate: select answer0_.quiz_id as quiz_id1_1_0_, answer0_.answer as answer2_1_0_ from quiz_answer answer0_ where answer0_.quiz_id=?
?[1;31m
Start test 97?[0m
Hibernate: select quiz0_.id as id1_0_0_, quiz0_.text as text2_0_0_, quiz0_.title as title3_0_0_ from quiz quiz0_ where quiz0_.id=?
Hibernate: select answer0_.quiz_id as quiz_id1_1_0_, answer0_.answer as answer2_1_0_ from quiz_answer answer0_ where answer0_.quiz_id=?
?[1;31m
Start test 98?[0m
Hibernate: select quiz0_.id as id1_0_0_, quiz0_.text as text2_0_0_, quiz0_.title as title3_0_0_ from quiz quiz0_ where quiz0_.id=?
Hibernate: select answer0_.quiz_id as quiz_id1_1_0_, answer0_.answer as answer2_1_0_ from quiz_answer answer0_ where answer0_.quiz_id=?
?[1;31m
Start test 99?[0m
Hibernate: select quiz0_.id as id1_0_0_, quiz0_.text as text2_0_0_, quiz0_.title as title3_0_0_ from quiz quiz0_ where quiz0_.id=?
Hibernate: select answer0_.quiz_id as quiz_id1_1_0_, answer0_.answer as answer2_1_0_ from quiz_answer answer0_ where answer0_.quiz_id=?
?[1;31m
Start test 100?[0m
Hibernate: select quiz0_.id as id1_0_0_, quiz0_.text as text2_0_0_, quiz0_.title as title3_0_0_ from quiz quiz0_ where quiz0_.id=?
Hibernate: select answer0_.quiz_id as quiz_id1_1_0_, answer0_.answer as answer2_1_0_ from quiz_answer answer0_ where answer0_.quiz_id=?
?[1;31m
Start test 101?[0m
Hibernate: select quiz0_.id as id1_0_0_, quiz0_.text as text2_0_0_, quiz0_.title as title3_0_0_ from quiz quiz0_ where quiz0_.id=?
Hibernate: select answer0_.quiz_id as quiz_id1_1_0_, answer0_.answer as answer2_1_0_ from quiz_answer answer0_ where answer0_.quiz_id=?
?[1;31m
Start test 102?[0m
Hibernate: select quiz0_.id as id1_0_0_, quiz0_.text as text2_0_0_, quiz0_.title as title3_0_0_ from quiz quiz0_ where quiz0_.id=?
Hibernate: select answer0_.quiz_id as quiz_id1_1_0_, answer0_.answer as answer2_1_0_ from quiz_answer answer0_ where answer0_.quiz_id=?
?[1;31m
Start test 103?[0m
Hibernate: select quiz0_.id as id1_0_0_, quiz0_.text as text2_0_0_, quiz0_.title as title3_0_0_ from quiz quiz0_ where quiz0_.id=?
Hibernate: select answer0_.quiz_id as quiz_id1_1_0_, answer0_.answer as answer2_1_0_ from quiz_answer answer0_ where answer0_.quiz_id=?
?[1;31m
Start test 104?[0m
Hibernate: insert into quiz (id, text, title) values (null, ?, ?)
Hibernate: insert into quiz_answer (quiz_id, answer) values (?, ?)
Hibernate: insert into quiz_answer (quiz_id, answer) values (?, ?)
Hibernate: insert into quiz_answer (quiz_id, answer) values (?, ?)
Hibernate: insert into quiz_options (quiz_id, options) values (?, ?)
Hibernate: insert into quiz_options (quiz_id, options) values (?, ?)
Hibernate: insert into quiz_options (quiz_id, options) values (?, ?)
Hibernate: insert into quiz_options (quiz_id, options) values (?, ?)
?[1;31m
Start test 105?[0m
Hibernate: select quiz0_.id as id1_0_0_, quiz0_.text as text2_0_0_, quiz0_.title as title3_0_0_ from quiz quiz0_ where quiz0_.id=?
Hibernate: select options0_.quiz_id as quiz_id1_2_0_, options0_.options as options2_2_0_ from quiz_options options0_ where options0_.quiz_id=?
?[1;31m
Start test 106?[0m
Hibernate: select quiz0_.id as id1_0_0_, quiz0_.text as text2_0_0_, quiz0_.title as title3_0_0_ from quiz quiz0_ where quiz0_.id=?
?[1;31m
Start test 107?[0m
Hibernate: select quiz0_.id as id1_0_0_, quiz0_.text as text2_0_0_, quiz0_.title as title3_0_0_ from quiz quiz0_ where quiz0_.id=?
Hibernate: select answer0_.quiz_id as quiz_id1_1_0_, answer0_.answer as answer2_1_0_ from quiz_answer answer0_ where answer0_.quiz_id=?
?[1;31m
Start test 108?[0m
Hibernate: select quiz0_.id as id1_0_0_, quiz0_.text as text2_0_0_, quiz0_.title as title3_0_0_ from quiz quiz0_ where quiz0_.id=?
Hibernate: select answer0_.quiz_id as quiz_id1_1_0_, answer0_.answer as answer2_1_0_ from quiz_answer answer0_ where answer0_.quiz_id=?
?[1;31m
Start test 109?[0m
Hibernate: select quiz0_.id as id1_0_0_, quiz0_.text as text2_0_0_, quiz0_.title as title3_0_0_ from quiz quiz0_ where quiz0_.id=?
Hibernate: select answer0_.quiz_id as quiz_id1_1_0_, answer0_.answer as answer2_1_0_ from quiz_answer answer0_ where answer0_.quiz_id=?
?[1;31m
Start test 110?[0m
Hibernate: select quiz0_.id as id1_0_0_, quiz0_.text as text2_0_0_, quiz0_.title as title3_0_0_ from quiz quiz0_ where quiz0_.id=?
Hibernate: select answer0_.quiz_id as quiz_id1_1_0_, answer0_.answer as answer2_1_0_ from quiz_answer answer0_ where answer0_.quiz_id=?
?[1;31m
Start test 111?[0m
Hibernate: select quiz0_.id as id1_0_0_, quiz0_.text as text2_0_0_, quiz0_.title as title3_0_0_ from quiz quiz0_ where quiz0_.id=?
Hibernate: select answer0_.quiz_id as quiz_id1_1_0_, answer0_.answer as answer2_1_0_ from quiz_answer answer0_ where answer0_.quiz_id=?
?[1;31m
Start test 112?[0m
Hibernate: select quiz0_.id as id1_0_0_, quiz0_.text as text2_0_0_, quiz0_.title as title3_0_0_ from quiz quiz0_ where quiz0_.id=?
Hibernate: select answer0_.quiz_id as quiz_id1_1_0_, answer0_.answer as answer2_1_0_ from quiz_answer answer0_ where answer0_.quiz_id=?
?[1;31m
Start test 113?[0m
Hibernate: select quiz0_.id as id1_0_0_, quiz0_.text as text2_0_0_, quiz0_.title as title3_0_0_ from quiz quiz0_ where quiz0_.id=?
Hibernate: select answer0_.quiz_id as quiz_id1_1_0_, answer0_.answer as answer2_1_0_ from quiz_answer answer0_ where answer0_.quiz_id=?
?[1;31m
Start test 114?[0m
Hibernate: select quiz0_.id as id1_0_0_, quiz0_.text as text2_0_0_, quiz0_.title as title3_0_0_ from quiz quiz0_ where quiz0_.id=?
Hibernate: select answer0_.quiz_id as quiz_id1_1_0_, answer0_.answer as answer2_1_0_ from quiz_answer answer0_ where answer0_.quiz_id=?
?[1;31m
Start test 115?[0m
Hibernate: select quiz0_.id as id1_0_0_, quiz0_.text as text2_0_0_, quiz0_.title as title3_0_0_ from quiz quiz0_ where quiz0_.id=?
Hibernate: select answer0_.quiz_id as quiz_id1_1_0_, answer0_.answer as answer2_1_0_ from quiz_answer answer0_ where answer0_.quiz_id=?
?[1;31m
Start test 116?[0m
Hibernate: select quiz0_.id as id1_0_0_, quiz0_.text as text2_0_0_, quiz0_.title as title3_0_0_ from quiz quiz0_ where quiz0_.id=?
Hibernate: select answer0_.quiz_id as quiz_id1_1_0_, answer0_.answer as answer2_1_0_ from quiz_answer answer0_ where answer0_.quiz_id=?
?[1;31m
Start test 117?[0m
Hibernate: select quiz0_.id as id1_0_0_, quiz0_.text as text2_0_0_, quiz0_.title as title3_0_0_ from quiz quiz0_ where quiz0_.id=?
Hibernate: select answer0_.quiz_id as quiz_id1_1_0_, answer0_.answer as answer2_1_0_ from quiz_answer answer0_ where answer0_.quiz_id=?
?[1;31m
Start test 118?[0m
Hibernate: select quiz0_.id as id1_0_0_, quiz0_.text as text2_0_0_, quiz0_.title as title3_0_0_ from quiz quiz0_ where quiz0_.id=?
Hibernate: select answer0_.quiz_id as quiz_id1_1_0_, answer0_.answer as answer2_1_0_ from quiz_answer answer0_ where answer0_.quiz_id=?
?[1;31m
Start test 119?[0m
Hibernate: select quiz0_.id as id1_0_0_, quiz0_.text as text2_0_0_, quiz0_.title as title3_0_0_ from quiz quiz0_ where quiz0_.id=?
Hibernate: select answer0_.quiz_id as quiz_id1_1_0_, answer0_.answer as answer2_1_0_ from quiz_answer answer0_ where answer0_.quiz_id=?
?[1;31m
Start test 120?[0m
Hibernate: select quiz0_.id as id1_0_0_, quiz0_.text as text2_0_0_, quiz0_.title as title3_0_0_ from quiz quiz0_ where quiz0_.id=?
Hibernate: select answer0_.quiz_id as quiz_id1_1_0_, answer0_.answer as answer2_1_0_ from quiz_answer answer0_ where answer0_.quiz_id=?
?[1;31m
Start test 121?[0m
Hibernate: select quiz0_.id as id1_0_0_, quiz0_.text as text2_0_0_, quiz0_.title as title3_0_0_ from quiz quiz0_ where quiz0_.id=?
Hibernate: select answer0_.quiz_id as quiz_id1_1_0_, answer0_.answer as answer2_1_0_ from quiz_answer answer0_ where answer0_.quiz_id=?
?[1;31m
Start test 122?[0m
Hibernate: select quiz0_.id as id1_0_, quiz0_.text as text2_0_, quiz0_.title as title3_0_ from quiz quiz0_
Hibernate: select options0_.quiz_id as quiz_id1_2_0_, options0_.options as options2_2_0_ from quiz_options options0_ where options0_.quiz_id=?
Hibernate: select options0_.quiz_id as quiz_id1_2_0_, options0_.options as options2_2_0_ from quiz_options options0_ where options0_.quiz_id=?
Hibernate: select options0_.quiz_id as quiz_id1_2_0_, options0_.options as options2_2_0_ from quiz_options options0_ where options0_.quiz_id=?
Hibernate: select options0_.quiz_id as quiz_id1_2_0_, options0_.options as options2_2_0_ from quiz_options options0_ where options0_.quiz_id=?
Hibernate: select options0_.quiz_id as quiz_id1_2_0_, options0_.options as options2_2_0_ from quiz_options options0_ where options0_.quiz_id=?
Hibernate: select options0_.quiz_id as quiz_id1_2_0_, options0_.options as options2_2_0_ from quiz_options options0_ where options0_.quiz_id=?
Hibernate: select options0_.quiz_id as quiz_id1_2_0_, options0_.options as options2_2_0_ from quiz_options options0_ where options0_.quiz_id=?
?[1;31m
Start test 123?[0m

  .   ____          _            __ _ _
 /\\ / ___'_ __ _ _(_)_ __  __ _ \ \ \ \
( ( )\___ | '_ | '_| | '_ \/ _` | \ \ \ \
 \\/  ___)| |_)| | | | | || (_| |  ) ) ) )
  '  |____| .__|_| |_|_| |_\__, | / / / /
 =========|_|==============|___/=/_/_/_/
 :: Spring Boot ::        (v2.2.2.RELEASE)

2021-03-14 04:12:08.152  INFO 11187 --- [    Test worker] engine.WebQuizEngine                     : Starting WebQuizEngine on Williams-MacBook-Pro-184.local with PID 11187 (started by Polvyer in /Users/Polvyer/IdeaProjects/Web Quiz Engine/Web Quiz Engine/task)
2021-03-14 04:12:08.152  INFO 11187 --- [    Test worker] engine.WebQuizEngine                     : No active profile set, falling back to default profiles: default
2021-03-14 04:12:08.562  INFO 11187 --- [    Test worker] .s.d.r.c.RepositoryConfigurationDelegate : Bootstrapping Spring Data JPA repositories in DEFAULT mode.
2021-03-14 04:12:08.570  INFO 11187 --- [    Test worker] .s.d.r.c.RepositoryConfigurationDelegate : Finished Spring Data repository scanning in 7ms. Found 1 JPA repository interfaces.
2021-03-14 04:12:08.618  INFO 11187 --- [       Thread-9] o.s.s.concurrent.ThreadPoolTaskExecutor  : Shutting down ExecutorService 'applicationTaskExecutor'
2021-03-14 04:12:08.619  INFO 11187 --- [       Thread-9] j.LocalContainerEntityManagerFactoryBean : Closing JPA EntityManagerFactory for persistence unit 'default'
2021-03-14 04:12:08.621  INFO 11187 --- [       Thread-9] com.zaxxer.hikari.HikariDataSource       : HikariPool-2 - Shutdown initiated...
2021-03-14 04:12:08.677  INFO 11187 --- [    Test worker] trationDelegate$BeanPostProcessorChecker : Bean 'org.springframework.transaction.annotation.ProxyTransactionManagementConfiguration' of type [org.springframework.transaction.annotation.ProxyTransactionManagementConfiguration] is not eligible for getting processed by all BeanPostProcessors (for example: not eligible for auto-proxying)
2021-03-14 04:12:08.775  INFO 11187 --- [    Test worker] o.s.b.w.embedded.tomcat.TomcatWebServer  : Tomcat initialized with port(s): 8889 (http)
2021-03-14 04:12:08.814  INFO 11187 --- [    Test worker] o.s.web.context.ContextLoader            : Root WebApplicationContext: initialization completed in 652 ms
2021-03-14 04:12:08.888  INFO 11187 --- [    Test worker] com.zaxxer.hikari.HikariDataSource       : HikariPool-3 - Starting...
2021-03-14 04:12:08.941  INFO 11187 --- [       Thread-9] com.zaxxer.hikari.HikariDataSource       : HikariPool-2 - Shutdown completed.
2021-03-14 04:12:08.973  INFO 11187 --- [    Test worker] com.zaxxer.hikari.HikariDataSource       : HikariPool-3 - Start completed.
2021-03-14 04:12:08.974  INFO 11187 --- [    Test worker] o.s.b.a.h2.H2ConsoleAutoConfiguration    : H2 console available at '/h2-console'. Database available at 'jdbc:h2:file:../quizdb'
2021-03-14 04:12:09.126  INFO 11187 --- [    Test worker] o.hibernate.jpa.internal.util.LogHelper  : HHH000204: Processing PersistenceUnitInfo [name: default]
2021-03-14 04:12:09.133  INFO 11187 --- [    Test worker] org.hibernate.dialect.Dialect            : HHH000400: Using dialect: org.hibernate.dialect.H2Dialect
2021-03-14 04:12:09.248  INFO 11187 --- [    Test worker] o.h.e.t.j.p.i.JtaPlatformInitiator       : HHH000490: Using JtaPlatform implementation: [org.hibernate.engine.transaction.jta.platform.internal.NoJtaPlatform]
2021-03-14 04:12:09.249  INFO 11187 --- [    Test worker] j.LocalContainerEntityManagerFactoryBean : Initialized JPA EntityManagerFactory for persistence unit 'default'
2021-03-14 04:12:09.386  WARN 11187 --- [    Test worker] JpaBaseConfiguration$JpaWebConfiguration : spring.jpa.open-in-view is enabled by default. Therefore, database queries may be performed during view rendering. Explicitly configure spring.jpa.open-in-view to disable this warning
2021-03-14 04:12:09.508  INFO 11187 --- [    Test worker] o.s.s.concurrent.ThreadPoolTaskExecutor  : Initializing ExecutorService 'applicationTaskExecutor'
2021-03-14 04:12:09.753  INFO 11187 --- [    Test worker] o.s.b.a.e.web.EndpointLinksResolver      : Exposing 14 endpoint(s) beneath base path '/actuator'
2021-03-14 04:12:09.807  INFO 11187 --- [    Test worker] o.s.b.w.embedded.tomcat.TomcatWebServer  : Tomcat started on port(s): 8889 (http) with context path ''
2021-03-14 04:12:09.808  INFO 11187 --- [    Test worker] engine.WebQuizEngine                     : Started WebQuizEngine in 1.688 seconds (JVM running for 17.785)
?[1;31m
Start test 124?[0m
2021-03-14 04:12:09.819  INFO 11187 --- [nio-8889-exec-1] o.s.web.servlet.DispatcherServlet        : Initializing Servlet 'dispatcherServlet'
2021-03-14 04:12:09.825  INFO 11187 --- [nio-8889-exec-1] o.s.web.servlet.DispatcherServlet        : Completed initialization in 5 ms
Hibernate: select quiz0_.id as id1_0_, quiz0_.text as text2_0_, quiz0_.title as title3_0_ from quiz quiz0_
Hibernate: select options0_.quiz_id as quiz_id1_2_0_, options0_.options as options2_2_0_ from quiz_options options0_ where options0_.quiz_id=?
Hibernate: select options0_.quiz_id as quiz_id1_2_0_, options0_.options as options2_2_0_ from quiz_options options0_ where options0_.quiz_id=?
Hibernate: select options0_.quiz_id as quiz_id1_2_0_, options0_.options as options2_2_0_ from quiz_options options0_ where options0_.quiz_id=?
Hibernate: select options0_.quiz_id as quiz_id1_2_0_, options0_.options as options2_2_0_ from quiz_options options0_ where options0_.quiz_id=?
Hibernate: select options0_.quiz_id as quiz_id1_2_0_, options0_.options as options2_2_0_ from quiz_options options0_ where options0_.quiz_id=?
Hibernate: select options0_.quiz_id as quiz_id1_2_0_, options0_.options as options2_2_0_ from quiz_options options0_ where options0_.quiz_id=?
Hibernate: select options0_.quiz_id as quiz_id1_2_0_, options0_.options as options2_2_0_ from quiz_options options0_ where options0_.quiz_id=?
?[1;31m
Start test 125?[0m
Hibernate: select quiz0_.id as id1_0_0_, quiz0_.text as text2_0_0_, quiz0_.title as title3_0_0_ from quiz quiz0_ where quiz0_.id=?
Hibernate: select answer0_.quiz_id as quiz_id1_1_0_, answer0_.answer as answer2_1_0_ from quiz_answer answer0_ where answer0_.quiz_id=?
?[1;31m
Start test 126?[0m
Hibernate: select quiz0_.id as id1_0_0_, quiz0_.text as text2_0_0_, quiz0_.title as title3_0_0_ from quiz quiz0_ where quiz0_.id=?
Hibernate: select answer0_.quiz_id as quiz_id1_1_0_, answer0_.answer as answer2_1_0_ from quiz_answer answer0_ where answer0_.quiz_id=?
?[1;31m
Start test 127?[0m
Hibernate: select quiz0_.id as id1_0_0_, quiz0_.text as text2_0_0_, quiz0_.title as title3_0_0_ from quiz quiz0_ where quiz0_.id=?
Hibernate: select answer0_.quiz_id as quiz_id1_1_0_, answer0_.answer as answer2_1_0_ from quiz_answer answer0_ where answer0_.quiz_id=?
?[1;31m
Start test 128?[0m
Hibernate: select quiz0_.id as id1_0_0_, quiz0_.text as text2_0_0_, quiz0_.title as title3_0_0_ from quiz quiz0_ where quiz0_.id=?
Hibernate: select answer0_.quiz_id as quiz_id1_1_0_, answer0_.answer as answer2_1_0_ from quiz_answer answer0_ where answer0_.quiz_id=?
]]></system-out>
  <system-err><![CDATA[]]></system-err>
</testsuite>
